# IPython log file

# Sun, 26 Feb 2023 20:08:03
ipaddress.ip_address('192.0.2.1')
# Sun, 26 Feb 2023 20:08:43
ipaddress = ipaddress
# Sun, 26 Feb 2023 20:11:47
import ipaddress
# Sun, 26 Feb 2023 20:11:53
ipaddress.ip_address('192.0.2.1')
#[Out]# IPv4Address('192.0.2.1')
# Sun, 26 Feb 2023 20:12:52
ipaddress.ip_address('2001:DB8::1')
#[Out]# IPv6Address('2001:db8::1')
# Sun, 26 Feb 2023 20:14:13
ipaddress.ip_address(3221225985)
#[Out]# IPv4Address('192.0.2.1')
# Sun, 26 Feb 2023 20:14:47
ipaddress.ip_address(425407664112825928566903984951653826561)
# Sun, 26 Feb 2023 20:15:21
ipaddress.ip_address(42540766411282592856903984951653826561)
#[Out]# IPv6Address('2001:db8::1')
# Sun, 26 Feb 2023 20:15:48
ipaddress.ip_address(1)
#[Out]# IPv4Address('0.0.0.1')
# Sun, 26 Feb 2023 20:16:04
ipaddress.IPv4Address(1)
#[Out]# IPv4Address('0.0.0.1')
# Sun, 26 Feb 2023 20:16:19
ipaddress.IPv6Address(1)
#[Out]# IPv6Address('::1')
# Sun, 26 Feb 2023 20:17:32
ipaddress.ip_network('192.0.2.0/24')
#[Out]# IPv4Network('192.0.2.0/24')
# Sun, 26 Feb 2023 20:17:59
ipaddress.ip_network('2001:db8::0/96')
#[Out]# IPv6Network('2001:db8::/96')
# Sun, 26 Feb 2023 20:18:43
ipaddress.ip_network('192.0.2.1/24')
# Sun, 26 Feb 2023 20:19:02
ipaddress.ip_network('192.0.2.1/24', strict = False)
#[Out]# IPv4Network('192.0.2.0/24')
# Sun, 26 Feb 2023 20:19:38
ipaddress.ip_network('3221225984')
# Sun, 26 Feb 2023 20:20:24
ipaddress.ip_network(3221225985)
#[Out]# IPv4Network('192.0.2.1/32')
# Sun, 26 Feb 2023 20:20:48
ipaddress.ip_network(42540766411282592856903984951653826561)
#[Out]# IPv6Network('2001:db8::1/128')
# Sun, 26 Feb 2023 20:23:01
ipaddress.ip_interface('192.0.2.1/24')
#[Out]# IPv4Interface('192.0.2.1/24')
# Sun, 26 Feb 2023 20:23:21
ipaddress.ip_interface('2001:db8::0/96')
#[Out]# IPv6Interface('2001:db8::/96')
# Sun, 26 Feb 2023 20:24:22
addr4 = ipaddress.ip_address('192.0.2.1')
# Sun, 26 Feb 2023 20:24:55
addr6 = ipaddress.ip_address('2001:db8::1')
# Sun, 26 Feb 2023 20:25:04
addr6.version
#[Out]# 6
# Sun, 26 Feb 2023 20:25:10
addr4.version
#[Out]# 4
# Sun, 26 Feb 2023 20:25:41
host4 = ipaddress.ip_interface('192.0.2.1/24')
# Sun, 26 Feb 2023 20:25:48
host4.network
#[Out]# IPv4Network('192.0.2.0/24')
# Sun, 26 Feb 2023 20:26:16
host6 = ipaddress.ip_interface('2001:db8::0/96')
# Sun, 26 Feb 2023 20:26:21
host6.network
#[Out]# IPv6Network('2001:db8::/96')
# Sun, 26 Feb 2023 20:26:52
net4 = ipaddress.ip_network('192.0.2.0/24')
# Sun, 26 Feb 2023 20:26:58
net4.num_addresses
#[Out]# 256
# Sun, 26 Feb 2023 20:27:19
net6 = ipaddress.ip_network('2001:db8::0/96')
# Sun, 26 Feb 2023 20:27:28
net6.num_addresses
#[Out]# 4294967296
# Sun, 26 Feb 2023 20:27:41
net4 = ipaddress.ip_network('192.0.2.0/24')
# Sun, 26 Feb 2023 20:28:04
for x in net4.hosts():
    print(x)
    
# Sun, 26 Feb 2023 20:28:59
net4 = ipaddress.ip_network('192.0.2.0/24')
# Sun, 26 Feb 2023 20:29:04
net4.netmask
#[Out]# IPv4Address('255.255.255.0')
# Sun, 26 Feb 2023 20:29:17
net4.hostmask
#[Out]# IPv4Address('0.0.0.255')
# Sun, 26 Feb 2023 20:29:26
net6 = ipaddress.ip_network('2001:db8::0/96')
# Sun, 26 Feb 2023 20:29:31
net6.netmask
#[Out]# IPv6Address('ffff:ffff:ffff:ffff:ffff:ffff::')
# Sun, 26 Feb 2023 20:29:35
net6.hostmask
#[Out]# IPv6Address('::ffff:ffff')
# Sun, 26 Feb 2023 20:29:44
addr6.exploded
#[Out]# '2001:0db8:0000:0000:0000:0000:0000:0001'
# Sun, 26 Feb 2023 20:29:52
addr6.compressed
#[Out]# '2001:db8::1'
# Sun, 26 Feb 2023 20:29:59
net6.exploded
#[Out]# '2001:0db8:0000:0000:0000:0000:0000:0000/96'
# Sun, 26 Feb 2023 20:30:05
net6.compressed
#[Out]# '2001:db8::/96'
# Sun, 26 Feb 2023 20:30:19
net4[1]
#[Out]# IPv4Address('192.0.2.1')
# Sun, 26 Feb 2023 20:30:29
net4[-1]
#[Out]# IPv4Address('192.0.2.255')
# Sun, 26 Feb 2023 20:30:37
net6[1]
#[Out]# IPv6Address('2001:db8::1')
# Sun, 26 Feb 2023 20:30:44
net6[-1]
#[Out]# IPv6Address('2001:db8::ffff:ffff')
# Sun, 26 Feb 2023 20:31:37
addr4 = ipaddress.ip_address('192.0.2.1')
# Sun, 26 Feb 2023 20:32:03
addr4 in ipaddress.ip_network('192.0.2.0/24')
#[Out]# True
# Sun, 26 Feb 2023 20:32:17
addr4 in ipaddress.ip_network('192.0.3.0/24')
#[Out]# False
# Sun, 26 Feb 2023 20:35:10
ipaddress.ip_address('192.0.2.1') < ipaddress.ip_address('192.0.2.2')
#[Out]# True
# Sun, 26 Feb 2023 20:35:23
addr4 = ipaddress.ip_address('192.0.2.1')
# Sun, 26 Feb 2023 20:35:30
str(addr4)
#[Out]# '192.0.2.1'
# Sun, 26 Feb 2023 20:35:36
int(addr4)
#[Out]# 3221225985
# Sun, 26 Feb 2023 20:36:05
ipaddress.ip_address("192.168.0.256")
# Sun, 26 Feb 2023 20:37:17
try:
    network = ipaddress.IPv4Network(address)
except ValueError:
    print('address/netmask is invalid for IPv4:', address)
    
# Sun, 26 Feb 2023 20:37:45
exit()
